0 info it worked if it ends with ok
1 verbose cli [ 'node',
1 verbose cli   '/usr/local/bin/npm',
1 verbose cli   'install',
1 verbose cli   '-g',
1 verbose cli   'express-generator' ]
2 info using npm@2.7.4
3 info using node@v0.12.2
4 silly cache add args [ 'express-generator', null ]
5 verbose cache add spec express-generator
6 silly cache add parsed spec { raw: 'express-generator',
6 silly cache add   scope: null,
6 silly cache add   name: 'express-generator',
6 silly cache add   rawSpec: '',
6 silly cache add   spec: '*',
6 silly cache add   type: 'range' }
7 verbose addNamed express-generator@*
8 silly addNamed semver.valid null
9 silly addNamed semver.validRange *
10 silly addNameRange { name: 'express-generator', range: '*', hasData: false }
11 silly mapToRegistry name express-generator
12 silly mapToRegistry using default registry
13 silly mapToRegistry registry https://registry.npmjs.org/
14 silly mapToRegistry uri https://registry.npmjs.org/express-generator
15 verbose addNameRange registry:https://registry.npmjs.org/express-generator not in flight; fetching
16 verbose request uri https://registry.npmjs.org/express-generator
17 verbose request no auth needed
18 info attempt registry request try #1 at 11:44:09
19 verbose request using bearer token for auth
20 verbose request id 77d964d89a862fa8
21 http request GET https://registry.npmjs.org/express-generator
22 http 200 https://registry.npmjs.org/express-generator
23 silly get cb [ 200,
23 silly get   { date: 'Tue, 28 Apr 2015 03:44:08 GMT',
23 silly get     server: 'CouchDB/1.5.0 (Erlang OTP/R16B03)',
23 silly get     etag: '"2OUO4G5540QKWG8HBAVUSGZLW"',
23 silly get     'content-type': 'application/json',
23 silly get     'cache-control': 'max-age=60',
23 silly get     'content-length': '25579',
23 silly get     'accept-ranges': 'bytes',
23 silly get     via: '1.1 varnish',
23 silly get     'x-served-by': 'cache-nrt6129-NRT',
23 silly get     'x-cache': 'MISS',
23 silly get     'x-cache-hits': '0',
23 silly get     'x-timer': 'S1430192648.076956,VS0,VE573',
23 silly get     vary: 'Accept',
23 silly get     'keep-alive': 'timeout=10, max=50',
23 silly get     connection: 'Keep-Alive' } ]
24 verbose get saving express-generator to /Users/zhenghong596/.npm/registry.npmjs.org/express-generator/.cache.json
25 silly addNameRange number 2 { name: 'express-generator', range: '*', hasData: true }
26 silly addNameRange versions [ 'express-generator',
26 silly addNameRange   [ '1.0.0',
26 silly addNameRange     '3.0.0',
26 silly addNameRange     '4.0.0',
26 silly addNameRange     '4.2.0',
26 silly addNameRange     '4.8.0',
26 silly addNameRange     '4.9.0',
26 silly addNameRange     '4.10.0',
26 silly addNameRange     '4.11.0',
26 silly addNameRange     '4.11.1',
26 silly addNameRange     '4.11.2',
26 silly addNameRange     '4.12.0',
26 silly addNameRange     '4.12.1' ] ]
27 verbose addNamed express-generator@4.12.1
28 silly addNamed semver.valid 4.12.1
29 silly addNamed semver.validRange 4.12.1
30 silly mapToRegistry name express-generator
31 silly mapToRegistry using default registry
32 silly mapToRegistry registry https://registry.npmjs.org/
33 silly mapToRegistry uri https://registry.npmjs.org/express-generator
34 verbose addRemoteTarball https://registry.npmjs.org/express-generator/-/express-generator-4.12.1.tgz not in flight; adding
35 verbose addRemoteTarball [ 'https://registry.npmjs.org/express-generator/-/express-generator-4.12.1.tgz',
35 verbose addRemoteTarball   '79852114d5fc42b9b8f7690567b155ebdf17a246' ]
36 info retry fetch attempt 1 at 11:44:10
37 info attempt registry request try #1 at 11:44:10
38 http fetch GET https://registry.npmjs.org/express-generator/-/express-generator-4.12.1.tgz
39 verbose request using bearer token for auth
40 http fetch 200 https://registry.npmjs.org/express-generator/-/express-generator-4.12.1.tgz
41 silly fetchAndShaCheck shasum 79852114d5fc42b9b8f7690567b155ebdf17a246
42 verbose addTmpTarball /var/folders/95/6w988hwd4s7cfzq90nx66lzh0000gn/T/npm-17344-d95c9156/registry.npmjs.org/express-generator/-/express-generator-4.12.1.tgz not in flight; adding
43 verbose addTmpTarball already have metadata; skipping unpack for express-generator@4.12.1
44 silly cache afterAdd express-generator@4.12.1
45 verbose afterAdd /Users/zhenghong596/.npm/express-generator/4.12.1/package/package.json not in flight; writing
46 verbose afterAdd /Users/zhenghong596/.npm/express-generator/4.12.1/package/package.json written
47 silly install resolved [ { name: 'express-generator',
47 silly install resolved     description: 'Express\' application generator',
47 silly install resolved     version: '4.12.1',
47 silly install resolved     author: { name: 'TJ Holowaychuk', email: 'tj@vision-media.ca' },
47 silly install resolved     contributors: [ [Object], [Object], [Object], [Object], [Object], [Object] ],
47 silly install resolved     keywords:
47 silly install resolved      [ 'express',
47 silly install resolved        'framework',
47 silly install resolved        'sinatra',
47 silly install resolved        'web',
47 silly install resolved        'rest',
47 silly install resolved        'restful',
47 silly install resolved        'router',
47 silly install resolved        'app',
47 silly install resolved        'api' ],
47 silly install resolved     repository: { type: 'git', url: 'https://github.com/expressjs/generator' },
47 silly install resolved     license: 'MIT',
47 silly install resolved     dependencies: { commander: '2.6.0', mkdirp: '0.5.0', 'sorted-object': '1.0.0' },
47 silly install resolved     main: 'bin/express',
47 silly install resolved     preferGlobal: true,
47 silly install resolved     bin: { express: './bin/express' },
47 silly install resolved     devDependencies: { mocha: '~2.1.0', rimraf: '~2.2.8', supertest: '~0.15.0' },
47 silly install resolved     engines: { node: '>= 0.10' },
47 silly install resolved     files: [ 'LICENSE', 'bin/', 'templates/' ],
47 silly install resolved     scripts:
47 silly install resolved      { test: 'mocha --reporter spec --bail --check-leaks test/',
47 silly install resolved        'test-ci': 'mocha --reporter spec --check-leaks test/' },
47 silly install resolved     gitHead: 'd9674537f819db269aa54b241a5436fbbf4f2fe0',
47 silly install resolved     bugs: { url: 'https://github.com/expressjs/generator/issues' },
47 silly install resolved     homepage: 'https://github.com/expressjs/generator',
47 silly install resolved     _id: 'express-generator@4.12.1',
47 silly install resolved     _shasum: '79852114d5fc42b9b8f7690567b155ebdf17a246',
47 silly install resolved     _from: 'express-generator@*',
47 silly install resolved     _npmVersion: '1.4.28',
47 silly install resolved     _npmUser: { name: 'dougwilson', email: 'doug@somethingdoug.com' },
47 silly install resolved     maintainers: [ [Object], [Object], [Object], [Object], [Object], [Object] ],
47 silly install resolved     dist:
47 silly install resolved      { shasum: '79852114d5fc42b9b8f7690567b155ebdf17a246',
47 silly install resolved        tarball: 'http://registry.npmjs.org/express-generator/-/express-generator-4.12.1.tgz' },
47 silly install resolved     directories: {},
47 silly install resolved     _resolved: 'https://registry.npmjs.org/express-generator/-/express-generator-4.12.1.tgz' } ]
48 info install express-generator@4.12.1 into /usr/local/lib
49 info installOne express-generator@4.12.1
50 verbose installOne of express-generator to /usr/local/lib not in flight; installing
51 verbose lock using /Users/zhenghong596/.npm/_locks/express-generator-d3cc1706f4adef09.lock for /usr/local/lib/node_modules/express-generator
52 silly install write writing express-generator 4.12.1 to /usr/local/lib/node_modules/express-generator
53 silly cache addNamed cb express-generator@4.12.1
54 verbose unbuild lib/node_modules/express-generator
55 silly gentlyRm /usr/local/lib/node_modules/express-generator is being purged from base /usr/local
56 verbose gentlyRm don't care about contents; nuking /usr/local/lib/node_modules/express-generator
57 verbose tar unpack /Users/zhenghong596/.npm/express-generator/4.12.1/package.tgz
58 verbose tar unpacking to /usr/local/lib/node_modules/express-generator
59 silly gentlyRm /usr/local/lib/node_modules/express-generator is being purged
60 verbose gentlyRm don't care about contents; nuking /usr/local/lib/node_modules/express-generator
61 silly gunzTarPerm modes [ '755', '644' ]
62 error tar.unpack untar error /Users/zhenghong596/.npm/express-generator/4.12.1/package.tgz
63 verbose unlock done using /Users/zhenghong596/.npm/_locks/express-generator-d3cc1706f4adef09.lock for /usr/local/lib/node_modules/express-generator
64 verbose fstream_path /usr/local/lib/node_modules/express-generator
65 verbose fstream_type Directory
66 verbose fstream_class DirWriter
67 verbose stack Error: EACCES, mkdir '/usr/local/lib/node_modules/express-generator'
67 verbose stack     at Error (native)
68 verbose fstream_stack /usr/local/lib/node_modules/npm/node_modules/fstream/lib/dir-writer.js:36:23
68 verbose fstream_stack /usr/local/lib/node_modules/npm/node_modules/mkdirp/index.js:46:53
68 verbose fstream_stack FSReqWrap.oncomplete (fs.js:95:15)
69 verbose cwd /Users/zhenghong596/Downloads/github/my_nodejs/node
70 error Darwin 14.1.0
71 error argv "node" "/usr/local/bin/npm" "install" "-g" "express-generator"
72 error node v0.12.2
73 error npm  v2.7.4
74 error path /usr/local/lib/node_modules/express-generator
75 error code EACCES
76 error errno -13
77 error Error: EACCES, mkdir '/usr/local/lib/node_modules/express-generator'
77 error     at Error (native)
77 error  { [Error: EACCES, mkdir '/usr/local/lib/node_modules/express-generator']
77 error   errno: -13,
77 error   code: 'EACCES',
77 error   path: '/usr/local/lib/node_modules/express-generator',
77 error   fstream_type: 'Directory',
77 error   fstream_path: '/usr/local/lib/node_modules/express-generator',
77 error   fstream_class: 'DirWriter',
77 error   fstream_stack:
77 error    [ '/usr/local/lib/node_modules/npm/node_modules/fstream/lib/dir-writer.js:36:23',
77 error      '/usr/local/lib/node_modules/npm/node_modules/mkdirp/index.js:46:53',
77 error      'FSReqWrap.oncomplete (fs.js:95:15)' ] }
78 error Please try running this command again as root/Administrator.
79 verbose exit [ -13, true ]
80 verbose unbuild lib/node_modules/express-generator
81 silly gentlyRm /usr/local/lib/node_modules/express-generator is being purged from base /usr/local
82 verbose gentlyRm don't care about contents; nuking /usr/local/lib/node_modules/express-generator
